1721746788.145449 client started (11006): version 3.2a, socket /tmp/tmux-1000/default, protocol 8
1721746788.145473 on Linux 5.15.0-88-generic #98-Ubuntu SMP Mon Oct 2 15:18:56 UTC 2023
1721746788.145479 using libevent 2.1.12-stable (poll); ncurses 6.3
1721746788.145492 flags are 0x18010000
1721746788.145497 socket is /tmp/tmux-1000/default
1721746788.145507 trying connect
1721746788.145606 add peer 0x55826ac54810: 6 ((nil))
1721746788.145857 sending message 100 to peer 0x55826ac54810 (4 bytes)
1721746788.145884 sending message 111 to peer 0x55826ac54810 (8 bytes)
1721746788.145889 sending message 101 to peer 0x55826ac54810 (15 bytes)
1721746788.145894 sending message 109 to peer 0x55826ac54810 (4 bytes)
1721746788.145899 sending message 102 to peer 0x55826ac54810 (11 bytes)
1721746788.145903 sending message 108 to peer 0x55826ac54810 (30 bytes)
1721746788.145908 sending message 112 to peer 0x55826ac54810 (58 bytes)
1721746788.145912 sending message 112 to peer 0x55826ac54810 (5 bytes)
1721746788.145917 sending message 112 to peer 0x55826ac54810 (5 bytes)
1721746788.145922 sending message 112 to peer 0x55826ac54810 (6 bytes)
1721746788.145926 sending message 112 to peer 0x55826ac54810 (6 bytes)
1721746788.145931 sending message 112 to peer 0x55826ac54810 (11 bytes)
1721746788.145935 sending message 112 to peer 0x55826ac54810 (10 bytes)
1721746788.145940 sending message 112 to peer 0x55826ac54810 (13 bytes)
1721746788.145944 sending message 112 to peer 0x55826ac54810 (14 bytes)
1721746788.145949 sending message 112 to peer 0x55826ac54810 (19 bytes)
1721746788.145953 sending message 112 to peer 0x55826ac54810 (11 bytes)
1721746788.145957 sending message 112 to peer 0x55826ac54810 (10 bytes)
1721746788.145962 sending message 112 to peer 0x55826ac54810 (15 bytes)
1721746788.145966 sending message 112 to peer 0x55826ac54810 (21 bytes)
1721746788.145971 sending message 112 to peer 0x55826ac54810 (13 bytes)
1721746788.145975 sending message 112 to peer 0x55826ac54810 (7 bytes)
1721746788.145980 sending message 112 to peer 0x55826ac54810 (13 bytes)
1721746788.145985 sending message 112 to peer 0x55826ac54810 (7 bytes)
1721746788.145989 sending message 112 to peer 0x55826ac54810 (13 bytes)
1721746788.145994 sending message 112 to peer 0x55826ac54810 (9 bytes)
1721746788.145999 sending message 112 to peer 0x55826ac54810 (21 bytes)
1721746788.146003 sending message 112 to peer 0x55826ac54810 (13 bytes)
1721746788.146008 sending message 112 to peer 0x55826ac54810 (9 bytes)
1721746788.146012 sending message 112 to peer 0x55826ac54810 (16 bytes)
1721746788.146017 sending message 112 to peer 0x55826ac54810 (13 bytes)
1721746788.146021 sending message 112 to peer 0x55826ac54810 (9 bytes)
1721746788.146026 sending message 112 to peer 0x55826ac54810 (9 bytes)
1721746788.146030 sending message 112 to peer 0x55826ac54810 (12 bytes)
1721746788.146050 sending message 112 to peer 0x55826ac54810 (8 bytes)
1721746788.146054 sending message 112 to peer 0x55826ac54810 (8 bytes)
1721746788.146059 sending message 112 to peer 0x55826ac54810 (13 bytes)
1721746788.146063 sending message 112 to peer 0x55826ac54810 (7 bytes)
1721746788.146068 sending message 112 to peer 0x55826ac54810 (7 bytes)
1721746788.146072 sending message 112 to peer 0x55826ac54810 (9 bytes)
1721746788.146077 sending message 112 to peer 0x55826ac54810 (9 bytes)
1721746788.146081 sending message 112 to peer 0x55826ac54810 (15 bytes)
1721746788.146086 sending message 112 to peer 0x55826ac54810 (13 bytes)
1721746788.146090 sending message 112 to peer 0x55826ac54810 (12 bytes)
1721746788.146095 sending message 112 to peer 0x55826ac54810 (8 bytes)
1721746788.146099 sending message 112 to peer 0x55826ac54810 (14 bytes)
1721746788.146104 sending message 112 to peer 0x55826ac54810 (11 bytes)
1721746788.146108 sending message 112 to peer 0x55826ac54810 (9 bytes)
1721746788.146113 sending message 112 to peer 0x55826ac54810 (10 bytes)
1721746788.146117 sending message 112 to peer 0x55826ac54810 (10 bytes)
1721746788.146122 sending message 112 to peer 0x55826ac54810 (10 bytes)
1721746788.146126 sending message 112 to peer 0x55826ac54810 (10 bytes)
1721746788.146137 sending message 112 to peer 0x55826ac54810 (11 bytes)
1721746788.146141 sending message 112 to peer 0x55826ac54810 (12 bytes)
1721746788.146146 sending message 112 to peer 0x55826ac54810 (12 bytes)
1721746788.146150 sending message 112 to peer 0x55826ac54810 (12 bytes)
1721746788.146155 sending message 112 to peer 0x55826ac54810 (12 bytes)
1721746788.146159 sending message 112 to peer 0x55826ac54810 (12 bytes)
1721746788.146163 sending message 112 to peer 0x55826ac54810 (11 bytes)
1721746788.146168 sending message 112 to peer 0x55826ac54810 (11 bytes)
1721746788.146173 sending message 112 to peer 0x55826ac54810 (12 bytes)
1721746788.146177 sending message 112 to peer 0x55826ac54810 (12 bytes)
1721746788.146182 sending message 112 to peer 0x55826ac54810 (12 bytes)
1721746788.146186 sending message 112 to peer 0x55826ac54810 (12 bytes)
1721746788.146191 sending message 112 to peer 0x55826ac54810 (12 bytes)
1721746788.146195 sending message 112 to peer 0x55826ac54810 (9 bytes)
1721746788.146200 sending message 112 to peer 0x55826ac54810 (12 bytes)
1721746788.146204 sending message 112 to peer 0x55826ac54810 (13 bytes)
1721746788.146209 sending message 112 to peer 0x55826ac54810 (13 bytes)
1721746788.146213 sending message 112 to peer 0x55826ac54810 (13 bytes)
1721746788.146218 sending message 112 to peer 0x55826ac54810 (13 bytes)
1721746788.146222 sending message 112 to peer 0x55826ac54810 (13 bytes)
1721746788.146227 sending message 112 to peer 0x55826ac54810 (8 bytes)
1721746788.146232 sending message 112 to peer 0x55826ac54810 (11 bytes)
1721746788.146236 sending message 112 to peer 0x55826ac54810 (11 bytes)
1721746788.146241 sending message 112 to peer 0x55826ac54810 (11 bytes)
1721746788.146245 sending message 112 to peer 0x55826ac54810 (12 bytes)
1721746788.146250 sending message 112 to peer 0x55826ac54810 (12 bytes)
1721746788.146254 sending message 112 to peer 0x55826ac54810 (12 bytes)
1721746788.146259 sending message 112 to peer 0x55826ac54810 (12 bytes)
1721746788.146263 sending message 112 to peer 0x55826ac54810 (13 bytes)
1721746788.146267 sending message 112 to peer 0x55826ac54810 (13 bytes)
1721746788.146272 sending message 112 to peer 0x55826ac54810 (13 bytes)
1721746788.146276 sending message 112 to peer 0x55826ac54810 (8 bytes)
1721746788.146281 sending message 112 to peer 0x55826ac54810 (13 bytes)
1721746788.146285 sending message 112 to peer 0x55826ac54810 (13 bytes)
1721746788.146290 sending message 112 to peer 0x55826ac54810 (13 bytes)
1721746788.146294 sending message 112 to peer 0x55826ac54810 (13 bytes)
1721746788.146299 sending message 112 to peer 0x55826ac54810 (13 bytes)
1721746788.146326 sending message 112 to peer 0x55826ac54810 (12 bytes)
1721746788.146330 sending message 112 to peer 0x55826ac54810 (12 bytes)
1721746788.146335 sending message 112 to peer 0x55826ac54810 (12 bytes)
1721746788.146339 sending message 112 to peer 0x55826ac54810 (12 bytes)
1721746788.146343 sending message 112 to peer 0x55826ac54810 (13 bytes)
1721746788.146347 sending message 112 to peer 0x55826ac54810 (8 bytes)
1721746788.146351 sending message 112 to peer 0x55826ac54810 (13 bytes)
1721746788.146355 sending message 112 to peer 0x55826ac54810 (13 bytes)
1721746788.146359 sending message 112 to peer 0x55826ac54810 (13 bytes)
1721746788.146363 sending message 112 to peer 0x55826ac54810 (13 bytes)
1721746788.146367 sending message 112 to peer 0x55826ac54810 (13 bytes)
1721746788.146371 sending message 112 to peer 0x55826ac54810 (13 bytes)
1721746788.146375 sending message 112 to peer 0x55826ac54810 (13 bytes)
1721746788.146379 sending message 112 to peer 0x55826ac54810 (12 bytes)
1721746788.146384 sending message 112 to peer 0x55826ac54810 (12 bytes)
1721746788.146388 sending message 112 to peer 0x55826ac54810 (12 bytes)
1721746788.146393 sending message 112 to peer 0x55826ac54810 (8 bytes)
1721746788.146397 sending message 112 to peer 0x55826ac54810 (12 bytes)
1721746788.146401 sending message 112 to peer 0x55826ac54810 (13 bytes)
1721746788.146405 sending message 112 to peer 0x55826ac54810 (13 bytes)
1721746788.146414 sending message 112 to peer 0x55826ac54810 (13 bytes)
1721746788.146418 sending message 112 to peer 0x55826ac54810 (13 bytes)
1721746788.146423 sending message 112 to peer 0x55826ac54810 (13 bytes)
1721746788.146427 sending message 112 to peer 0x55826ac54810 (13 bytes)
1721746788.146431 sending message 112 to peer 0x55826ac54810 (13 bytes)
1721746788.146436 sending message 112 to peer 0x55826ac54810 (13 bytes)
1721746788.146440 sending message 112 to peer 0x55826ac54810 (12 bytes)
1721746788.146444 sending message 112 to peer 0x55826ac54810 (10 bytes)
1721746788.146448 sending message 112 to peer 0x55826ac54810 (12 bytes)
1721746788.146452 sending message 112 to peer 0x55826ac54810 (12 bytes)
1721746788.146457 sending message 112 to peer 0x55826ac54810 (12 bytes)
1721746788.146461 sending message 112 to peer 0x55826ac54810 (13 bytes)
1721746788.146466 sending message 112 to peer 0x55826ac54810 (13 bytes)
1721746788.146470 sending message 112 to peer 0x55826ac54810 (13 bytes)
1721746788.146475 sending message 112 to peer 0x55826ac54810 (13 bytes)
1721746788.146479 sending message 112 to peer 0x55826ac54810 (13 bytes)
1721746788.146483 sending message 112 to peer 0x55826ac54810 (13 bytes)
1721746788.146488 sending message 112 to peer 0x55826ac54810 (13 bytes)
1721746788.146491 sending message 112 to peer 0x55826ac54810 (10 bytes)
1721746788.146495 sending message 112 to peer 0x55826ac54810 (13 bytes)
1721746788.146499 sending message 112 to peer 0x55826ac54810 (12 bytes)
1721746788.146504 sending message 112 to peer 0x55826ac54810 (12 bytes)
1721746788.146508 sending message 112 to peer 0x55826ac54810 (12 bytes)
1721746788.146513 sending message 112 to peer 0x55826ac54810 (10 bytes)
1721746788.146517 sending message 112 to peer 0x55826ac54810 (10 bytes)
1721746788.146522 sending message 112 to peer 0x55826ac54810 (10 bytes)
1721746788.146526 sending message 112 to peer 0x55826ac54810 (12 bytes)
1721746788.146660 sending message 112 to peer 0x55826ac54810 (13 bytes)
1721746788.146670 sending message 112 to peer 0x55826ac54810 (13 bytes)
1721746788.146675 sending message 112 to peer 0x55826ac54810 (13 bytes)
1721746788.146680 sending message 112 to peer 0x55826ac54810 (13 bytes)
1721746788.146685 sending message 112 to peer 0x55826ac54810 (13 bytes)
1721746788.146689 sending message 112 to peer 0x55826ac54810 (10 bytes)
1721746788.146694 sending message 112 to peer 0x55826ac54810 (11 bytes)
1721746788.146698 sending message 112 to peer 0x55826ac54810 (12 bytes)
1721746788.146702 sending message 112 to peer 0x55826ac54810 (12 bytes)
1721746788.146707 sending message 112 to peer 0x55826ac54810 (12 bytes)
1721746788.146712 sending message 112 to peer 0x55826ac54810 (12 bytes)
1721746788.146716 sending message 112 to peer 0x55826ac54810 (12 bytes)
1721746788.146721 sending message 112 to peer 0x55826ac54810 (11 bytes)
1721746788.146725 sending message 112 to peer 0x55826ac54810 (12 bytes)
1721746788.146730 sending message 112 to peer 0x55826ac54810 (12 bytes)
1721746788.146734 sending message 112 to peer 0x55826ac54810 (13 bytes)
1721746788.146738 sending message 112 to peer 0x55826ac54810 (13 bytes)
1721746788.146743 sending message 112 to peer 0x55826ac54810 (13 bytes)
1721746788.146747 sending message 112 to peer 0x55826ac54810 (13 bytes)
1721746788.146752 sending message 112 to peer 0x55826ac54810 (13 bytes)
1721746788.146756 sending message 112 to peer 0x55826ac54810 (10 bytes)
1721746788.146761 sending message 112 to peer 0x55826ac54810 (9 bytes)
1721746788.146765 sending message 112 to peer 0x55826ac54810 (12 bytes)
1721746788.146769 sending message 112 to peer 0x55826ac54810 (13 bytes)
1721746788.146774 sending message 112 to peer 0x55826ac54810 (13 bytes)
1721746788.146779 sending message 112 to peer 0x55826ac54810 (13 bytes)
1721746788.146783 sending message 112 to peer 0x55826ac54810 (13 bytes)
1721746788.146788 sending message 112 to peer 0x55826ac54810 (13 bytes)
1721746788.146792 sending message 112 to peer 0x55826ac54810 (9 bytes)
1721746788.146797 sending message 112 to peer 0x55826ac54810 (12 bytes)
1721746788.146806 sending message 112 to peer 0x55826ac54810 (13 bytes)
1721746788.146811 sending message 112 to peer 0x55826ac54810 (13 bytes)
1721746788.146815 sending message 112 to peer 0x55826ac54810 (13 bytes)
1721746788.146820 sending message 112 to peer 0x55826ac54810 (13 bytes)
1721746788.146824 sending message 112 to peer 0x55826ac54810 (13 bytes)
1721746788.146828 sending message 112 to peer 0x55826ac54810 (11 bytes)
1721746788.146833 sending message 112 to peer 0x55826ac54810 (12 bytes)
1721746788.146837 sending message 112 to peer 0x55826ac54810 (13 bytes)
1721746788.146842 sending message 112 to peer 0x55826ac54810 (13 bytes)
1721746788.146846 sending message 112 to peer 0x55826ac54810 (13 bytes)
1721746788.146853 sending message 112 to peer 0x55826ac54810 (13 bytes)
1721746788.146858 sending message 112 to peer 0x55826ac54810 (13 bytes)
1721746788.146862 sending message 112 to peer 0x55826ac54810 (11 bytes)
1721746788.146866 sending message 112 to peer 0x55826ac54810 (12 bytes)
1721746788.146871 sending message 112 to peer 0x55826ac54810 (12 bytes)
1721746788.146875 sending message 112 to peer 0x55826ac54810 (12 bytes)
1721746788.146879 sending message 112 to peer 0x55826ac54810 (12 bytes)
1721746788.146884 sending message 112 to peer 0x55826ac54810 (12 bytes)
1721746788.146888 sending message 112 to peer 0x55826ac54810 (21 bytes)
1721746788.146892 sending message 112 to peer 0x55826ac54810 (12 bytes)
1721746788.146897 sending message 112 to peer 0x55826ac54810 (9 bytes)
1721746788.146901 sending message 112 to peer 0x55826ac54810 (6 bytes)
1721746788.146905 sending message 112 to peer 0x55826ac54810 (13 bytes)
1721746788.146910 sending message 112 to peer 0x55826ac54810 (10 bytes)
1721746788.146914 sending message 112 to peer 0x55826ac54810 (24 bytes)
1721746788.146919 sending message 112 to peer 0x55826ac54810 (13 bytes)
1721746788.146925 sending message 112 to peer 0x55826ac54810 (9 bytes)
1721746788.146929 sending message 112 to peer 0x55826ac54810 (70 bytes)
1721746788.146934 sending message 112 to peer 0x55826ac54810 (69 bytes)
1721746788.146938 sending message 112 to peer 0x55826ac54810 (12 bytes)
1721746788.146942 sending message 112 to peer 0x55826ac54810 (10 bytes)
1721746788.146947 sending message 112 to peer 0x55826ac54810 (10 bytes)
1721746788.146951 sending message 112 to peer 0x55826ac54810 (24 bytes)
1721746788.146955 sending message 112 to peer 0x55826ac54810 (13 bytes)
1721746788.146960 sending message 112 to peer 0x55826ac54810 (10 bytes)
1721746788.146964 sending message 112 to peer 0x55826ac54810 (10 bytes)
1721746788.146969 sending message 112 to peer 0x55826ac54810 (10 bytes)
1721746788.146973 sending message 112 to peer 0x55826ac54810 (13 bytes)
1721746788.146977 sending message 112 to peer 0x55826ac54810 (15 bytes)
1721746788.146982 sending message 112 to peer 0x55826ac54810 (5 bytes)
1721746788.146986 sending message 104 to peer 0x55826ac54810 (0 bytes)
1721746788.146991 sending message 110 to peer 0x55826ac54810 (0 bytes)
1721746788.146998 sending message 107 to peer 0x55826ac54810 (4 bytes)
1721746788.147002 sending message 105 to peer 0x55826ac54810 (16 bytes)
1721746788.147007 sending message 105 to peer 0x55826ac54810 (20 bytes)
1721746788.147011 sending message 105 to peer 0x55826ac54810 (28 bytes)
1721746788.147015 sending message 105 to peer 0x55826ac54810 (43 bytes)
1721746788.147020 sending message 105 to peer 0x55826ac54810 (7 bytes)
1721746788.147024 sending message 105 to peer 0x55826ac54810 (14 bytes)
1721746788.147028 sending message 105 to peer 0x55826ac54810 (22 bytes)
1721746788.147033 sending message 105 to peer 0x55826ac54810 (34 bytes)
1721746788.147037 sending message 105 to peer 0x55826ac54810 (15 bytes)
1721746788.147042 sending message 105 to peer 0x55826ac54810 (21 bytes)
1721746788.147046 sending message 105 to peer 0x55826ac54810 (124 bytes)
1721746788.147051 sending message 105 to peer 0x55826ac54810 (15 bytes)
1721746788.147055 sending message 105 to peer 0x55826ac54810 (18 bytes)
1721746788.147059 sending message 105 to peer 0x55826ac54810 (17 bytes)
1721746788.147069 sending message 105 to peer 0x55826ac54810 (1519 bytes)
1721746788.147086 sending message 105 to peer 0x55826ac54810 (32 bytes)
1721746788.147091 sending message 105 to peer 0x55826ac54810 (138 bytes)
1721746788.147095 sending message 105 to peer 0x55826ac54810 (46 bytes)
1721746788.147100 sending message 105 to peer 0x55826ac54810 (31 bytes)
1721746788.147104 sending message 105 to peer 0x55826ac54810 (34 bytes)
1721746788.147109 sending message 105 to peer 0x55826ac54810 (23 bytes)
1721746788.147113 sending message 105 to peer 0x55826ac54810 (20 bytes)
1721746788.147118 sending message 105 to peer 0x55826ac54810 (11 bytes)
1721746788.147122 sending message 105 to peer 0x55826ac54810 (32 bytes)
1721746788.147127 sending message 105 to peer 0x55826ac54810 (12 bytes)
1721746788.147131 sending message 105 to peer 0x55826ac54810 (64 bytes)
1721746788.147136 sending message 105 to peer 0x55826ac54810 (14 bytes)
1721746788.147140 sending message 105 to peer 0x55826ac54810 (8 bytes)
1721746788.147144 sending message 105 to peer 0x55826ac54810 (17 bytes)
1721746788.147149 sending message 105 to peer 0x55826ac54810 (51 bytes)
1721746788.147154 sending message 105 to peer 0x55826ac54810 (31 bytes)
1721746788.147158 sending message 105 to peer 0x55826ac54810 (53 bytes)
1721746788.147162 sending message 105 to peer 0x55826ac54810 (32 bytes)
1721746788.147167 sending message 105 to peer 0x55826ac54810 (155 bytes)
1721746788.147171 sending message 105 to peer 0x55826ac54810 (65 bytes)
1721746788.147176 sending message 105 to peer 0x55826ac54810 (126 bytes)
1721746788.147181 sending message 105 to peer 0x55826ac54810 (270 bytes)
1721746788.147185 sending message 105 to peer 0x55826ac54810 (54 bytes)
1721746788.147190 sending message 105 to peer 0x55826ac54810 (20 bytes)
1721746788.147194 sending message 105 to peer 0x55826ac54810 (88 bytes)
1721746788.147199 sending message 105 to peer 0x55826ac54810 (16 bytes)
1721746788.147203 sending message 106 to peer 0x55826ac54810 (0 bytes)
1721746788.147211 sending message 200 to peer 0x55826ac54810 (4 bytes)
1721746788.147215 client loop enter
1721746788.150051 peer 0x55826ac54810 message 207
1721746788.150124 sending message 208 to peer 0x55826ac54810 (0 bytes)
1721746795.340485 peer 0x55826ac54810 message 201
1721746795.340516 sending message 205 to peer 0x55826ac54810 (0 bytes)
1721746795.340719 peer 0x55826ac54810 message 204
1721746795.340730 client loop exit
